var:(-1, -1)
list:(-1, -1)
int:(-1, -1)
identifier:(8, 0)
var:(-1, -1)
int:(-1, -1)
identifier:(8, 0)
var:(-1, -1)
int:(-1, -1)
identifier:(7, 0)
var:(-1, -1)
int:(-1, -1)
identifier:(2, 0)
=:(-1, -1)
constant:(6, 0)
var:(-1, -1)
int:(-1, -1)
identifier:(5, 0)
=:(-1, -1)
constant:(0, 0)
var:(-1, -1)
int:(-1, -1)
identifier:(1, 0)
=:(-1, -1)
constant:(2, 0)
var:(-1, -1)
int:(-1, -1)
identifier:(7, 1)
=:(-1, -1)
constant:(6, 0)
var:(-1, -1)
int:(-1, -1)
identifier:(3, 0)
=:(-1, -1)
constant:(6, 0)
for:(-1, -1)
(:(-1, -1)
var:(-1, -1)
int:(-1, -1)
identifier:(3, 1)
=:(-1, -1)
constant:(6, 0)
,:(-1, -1)
identifier:(3, 1)
<=:(-1, -1)
identifier:(8, 0)
):(-1, -1)
=>:(-1, -1)
{:(-1, -1)
input:(-1, -1)
(:(-1, -1)
identifier:(7, 0)
):(-1, -1)
add:(-1, -1)
(:(-1, -1)
identifier:(6, 0)
,:(-1, -1)
identifier:(7, 0)
):(-1, -1)
identifier:(2, 0)
=:(-1, -1)
constant:(6, 1)
-:(-1, -1)
constant:(2, 1)
}:(-1, -1)
print:(-1, -1)
(:(-1, -1)
identifier:(2, 0)
):(-1, -1)
