var:(-1, -1)
int:(-1, -1)
identifier:(5, 0)
,:(-1, -1)
identifier:(6, 0)
input:(-1, -1)
(:(-1, -1)
identifier:(5, 0)
):(-1, -1)
input:(-1, -1)
(:(-1, -1)
identifier:(6, 0)
):(-1, -1)
while:(-1, -1)
(:(-1, -1)
identifier:(5, 0)
!=:(-1, -1)
identifier:(6, 0)
):(-1, -1)
=>:(-1, -1)
{:(-1, -1)
(:(-1, -1)
identifier:(5, 0)
>=:(-1, -1)
identifier:(6, 0)
):(-1, -1)
=>:(-1, -1)
{:(-1, -1)
identifier:(5, 0)
=:(-1, -1)
identifier:(5, 0)
-:(-1, -1)
identifier:(6, 0)
}:(-1, -1)
else:(-1, -1)
=>:(-1, -1)
{:(-1, -1)
identifier:(6, 0)
=:(-1, -1)
identifier:(6, 0)
-:(-1, -1)
identifier:(5, 0)
;:(-1, -1)
}:(-1, -1)
}:(-1, -1)
print:(-1, -1)
(:(-1, -1)
identifier:(5, 0)
):(-1, -1)
